#
# A fatal error has been detected by the Java Runtime Environment:
#
#  Internal Error (os_windows_x86.cpp:114), pid=1760, tid=2028
#  Error: guarantee(result == -1,"Unexpected result from topLevelExceptionFilter")
#
# JRE version: 6.0_17-b04
# Java VM: Java HotSpot(TM) 64-Bit Server VM (14.3-b01 mixed mode windows-amd64 )
# If you would like to submit a bug report, please visit:
#   http://java.sun.com/webapps/bugreport/crash.jsp
# The crash happened outside the Java Virtual Machine in native code.
# See problematic frame for where to report the bug.
#

---------------  T H R E A D  ---------------

Current thread (0x0000000077073000):  JavaThread "AWT-EventQueue-0" [_thread_in_native, id=2028, stack(0x000000000fc30000,0x000000000fcb0000)]

Stack: [0x000000000fc30000,0x000000000fcb0000]
Java frames: (J=compiled Java code, j=interpreted, Vv=VM code)
j  sun.awt.windows.ThemeReader.getThemeMargins(JIII)Ljava/awt/Insets;+0
j  sun.awt.windows.ThemeReader.getThemeMargins(Ljava/lang/String;III)Ljava/awt/Insets;+18
j  com.sun.java.swing.plaf.windows.XPStyle.getMargin(Ljava/awt/Component;Lcom/sun/java/swing/plaf/windows/TMSchema$Part;Lcom/sun/java/swing/plaf/windows/TMSchema$State;Lcom/sun/java/swing/plaf/windows/TMSchema$Prop;)Ljava/awt/Insets;+19
j  com.sun.java.swing.plaf.windows.WindowsScrollBarUI.paintThumb(Ljava/awt/Graphics;Ljavax/swing/JComponent;Ljava/awt/Rectangle;)V+208
j  javax.swing.plaf.basic.BasicScrollBarUI.paint(Ljava/awt/Graphics;Ljavax/swing/JComponent;)V+30
J  javax.swing.plaf.ComponentUI.update(Ljava/awt/Graphics;Ljavax/swing/JComponent;)V
J  javax.swing.JComponent.paintComponent(Ljava/awt/Graphics;)V
J  javax.swing.JComponent.paint(Ljava/awt/Graphics;)V
J  javax.swing.JComponent.paintChildren(Ljava/awt/Graphics;)V
J  javax.swing.JComponent.paint(Ljava/awt/Graphics;)V
J  javax.swing.RepaintManager$PaintManager.paintDoubleBuffered(Ljavax/swing/JComponent;Ljava/awt/Image;Ljava/awt/Graphics;IIII)V
J  javax.swing.RepaintManager$PaintManager.paint(Ljavax/swing/JComponent;Ljavax/swing/JComponent;Ljava/awt/Graphics;IIII)Z
J  javax.swing.JComponent._paintImmediately(IIII)V
J  javax.swing.RepaintManager.paintDirtyRegions(Ljava/util/Map;)V
J  javax.swing.SystemEventQueueUtilities$ComponentWorkRequest.run()V
J  java.awt.event.InvocationEvent.dispatch()V
J  java.awt.EventDispatchThread.pumpOneEventForFilters(I)Z
J  java.awt.EventDispatchThread.pumpEventsForFilter(ILjava/awt/Conditional;Ljava/awt/EventFilter;)V
j  java.awt.EventDispatchThread.pumpEventsForHierarchy(ILjava/awt/Conditional;Ljava/awt/Component;)V+11
j  java.awt.EventDispatchThread.pumpEvents(ILjava/awt/Conditional;)V+4
j  java.awt.EventDispatchThread.pumpEvents(Ljava/awt/Conditional;)V+3
j  java.awt.EventDispatchThread.run()V+9
v  ~StubRoutines::call_stub

---------------  P R O C E S S  ---------------

Java Threads: ( => current thread )
  0x000000007737a000 JavaThread "Code Analyzer updating thread" [_thread_blocked, id=8100, stack(0x000000001a690000,0x000000001a710000)]
  0x0000000077376000 JavaThread "Code Analyzer updating thread" [_thread_blocked, id=5672, stack(0x000000000f840000,0x000000000f8c0000)]
  0x0000000077376800 JavaThread "Code Analyzer updating thread" [_thread_blocked, id=11400, stack(0x00000000154f0000,0x0000000015570000)]
  0x0000000077374800 JavaThread "pool-8-thread-1" [_thread_blocked, id=10748, stack(0x0000000015570000,0x00000000155f0000)]
  0x0000000077373000 JavaThread "Code Analyzer updating thread" [_thread_blocked, id=3544, stack(0x0000000015470000,0x00000000154f0000)]
  0x0000000077370000 JavaThread "Code Analyzer updating thread" [_thread_blocked, id=11804, stack(0x00000000153d0000,0x0000000015450000)]
  0x0000000077370800 JavaThread "Active Reference Queue Daemon" daemon [_thread_blocked, id=9248, stack(0x0000000015350000,0x00000000153d0000)]
  0x0000000077372000 JavaThread "Timer-49" daemon [_thread_blocked, id=3228, stack(0x00000000152d0000,0x0000000015350000)]
  0x0000000077371800 JavaThread "Prefs Updater" daemon [_thread_blocked, id=11952, stack(0x000000000f940000,0x000000000f9c0000)]
  0x000000007736f800 JavaThread "Timer-9" daemon [_thread_blocked, id=11576, stack(0x0000000074b10000,0x0000000074b90000)]
  0x0000000077078000 JavaThread "Explorer NavigationContext request queue" [_thread_blocked, id=11832, stack(0x0000000074760000,0x00000000747e0000)]
  0x0000000077072800 JavaThread "AddressBar directory emptiness poller" [_thread_blocked, id=9780, stack(0x00000000743a0000,0x0000000074420000)]
  0x0000000077071800 JavaThread "Timer-1" [_thread_blocked, id=8232, stack(0x0000000073950000,0x00000000739d0000)]
  0x0000000077074000 JavaThread "TimerQueue" daemon [_thread_blocked, id=3944, stack(0x000000000fcb0000,0x000000000fd30000)]
=>0x0000000077073000 JavaThread "AWT-EventQueue-0" [_thread_in_native, id=2028, stack(0x000000000fc30000,0x000000000fcb0000)]
  0x0000000077074800 JavaThread "AWT-Shutdown" [_thread_blocked, id=11664, stack(0x000000000d350000,0x000000000d3d0000)]
  0x000000007714c800 JavaThread "FelixPackageAdmin" daemon [_thread_blocked, id=6384, stack(0x000000000fe30000,0x000000000feb0000)]
  0x00000000768f2000 JavaThread "FelixStartLevel" daemon [_thread_blocked, id=9944, stack(0x000000000fdb0000,0x000000000fe30000)]
  0x0000000076a2a000 JavaThread "FelixDispatchQueue" daemon [_thread_blocked, id=9768, stack(0x000000000fd30000,0x000000000fdb0000)]
  0x0000000076869800 JavaThread "com.google.common.base.internal.Finalizer" daemon [_thread_blocked, id=11372, stack(0x000000000d5d0000,0x000000000d650000)]
  0x0000000076a7f000 JavaThread "AWT-Windows" daemon [_thread_blocked, id=908, stack(0x000000000d3d0000,0x000000000d450000)]
  0x0000000076914800 JavaThread "Java2D Disposer" daemon [_thread_blocked, id=7628, stack(0x000000000d2d0000,0x000000000d350000)]
  0x0000000076551800 JavaThread "Timer-0" [_thread_blocked, id=6308, stack(0x000000000f4f0000,0x000000000f570000)]
  0x00000000763da000 JavaThread "EventMgr Dispatcher" daemon [_thread_in_native, id=11964, stack(0x0000000010e50000,0x0000000014e50000)]
  0x000000000e70d000 JavaThread "Low Memory Detector" daemon [_thread_blocked, id=9824, stack(0x000000000cef0000,0x000000000cf70000)]
  0x000000000e6e3800 JavaThread "CompilerThread1" daemon [_thread_blocked, id=6284, stack(0x00000000a3ff0000,0x00000000a7ff0000)]
  0x000000000e6e2800 JavaThread "CompilerThread0" daemon [_thread_blocked, id=3440, stack(0x000000009fff0000,0x00000000a3ff0000)]
  0x000000000e6e2000 JavaThread "Attach Listener" daemon [_thread_blocked, id=5340, stack(0x000000000ce70000,0x000000000cef0000)]
  0x000000000e6ca000 JavaThread "Finalizer" daemon [_thread_blocked, id=5548, stack(0x000000000cdf0000,0x000000000ce70000)]
  0x000000000e6c9000 JavaThread "Reference Handler" daemon [_thread_blocked, id=1736, stack(0x00000000087b0000,0x0000000008830000)]
  0x000000000849e800 JavaThread "main" [_thread_in_native, id=6624, stack(0x0000000000670000,0x0000000004670000)]

Other Threads:
  0x000000000e6c1000 VMThread [stack: 0x000000009bff0000,0x000000009fff0000] [id=3724]
  0x000000000e730800 WatcherThread [stack: 0x00000000a7ff0000,0x00000000abff0000] [id=6508]

VM state:at safepoint (normal execution)

VM Mutex/Monitor currently owned by a thread:  ([mutex/lock_event])
[0x000000000849b5c0] Threads_lock - owner thread: 0x000000000e6c1000
[0x000000000849b7c0] Heap_lock - owner thread: 0x0000000077071800

Heap
 PSYoungGen      total 33472K, used 16768K [0x0000000055150000, 0x0000000058250000, 0x0000000058250000)
  eden space 16768K, 100% used [0x0000000055150000,0x00000000561b0000,0x00000000561b0000)
  from space 16704K, 0% used [0x00000000561b0000,0x00000000561b0000,0x0000000057200000)
  to   space 16704K, 0% used [0x0000000057200000,0x0000000057200000,0x0000000058250000)
 PSOldGen        total 150528K, used 150527K [0x000000004be50000, 0x0000000055150000, 0x0000000055150000)
  object space 150528K, 99% used [0x000000004be50000,0x000000005514fff0,0x0000000055150000)
 PSPermGen       total 64960K, used 64689K [0x0000000043e50000, 0x0000000047dc0000, 0x000000004be50000)
  object space 64960K, 99% used [0x0000000043e50000,0x0000000047d7c6f8,0x0000000047dc0000)

Dynamic libraries:
0x00007ff6e0270000 - 0x00007ff6e02a2000 	C:\Program Files\MATLAB\R2012a\bin\win64\MATLAB.exe
0x00007ffdd15e0000 - 0x00007ffdd178d000 	C:\Windows\SYSTEM32\ntdll.dll
0x00007ffdd0b10000 - 0x00007ffdd0c4e000 	C:\Windows\system32\KERNEL32.DLL
0x00007ffdceb40000 - 0x00007ffdcec55000 	C:\Windows\system32\KERNELBASE.dll
0x0000000074460000 - 0x0000000074554000 	C:\Program Files\MATLAB\R2012a\bin\win64\libut.dll
0x0000000073f70000 - 0x00000000740ad000 	C:\Program Files\MATLAB\R2012a\bin\win64\libmwfl.dll
0x000000007bed0000 - 0x000000007c183000 	C:\Program Files\MATLAB\R2012a\bin\win64\libmwservices.dll
0x0000000074970000 - 0x0000000074b06000 	C:\Program Files\MATLAB\R2012a\bin\win64\mcr.dll
0x00000000758a0000 - 0x0000000075952000 	C:\Program Files\MATLAB\R2012a\bin\win64\libmwi18n.dll
0x0000000073420000 - 0x00000000734f3000 	C:\Windows\WinSxS\amd64_microsoft.vc90.crt_1fc8b3b9a1e18e3b_9.0.30729.8387_none_08e793bfa83a89b5\MSVCP90.dll
0x0000000004790000 - 0x0000000004833000 	C:\Windows\WinSxS\amd64_microsoft.vc90.crt_1fc8b3b9a1e18e3b_9.0.30729.8387_none_08e793bfa83a89b5\MSVCR90.dll
0x000000007a560000 - 0x000000007a569000 	C:\Program Files\MATLAB\R2012a\bin\win64\boost_system-vc90-mt-1_44.dll
0x000000007a2d0000 - 0x000000007a2e2000 	C:\Program Files\MATLAB\R2012a\bin\win64\boost_thread-vc90-mt-1_44.dll
0x00000000732a0000 - 0x0000000073411000 	C:\Program Files\MATLAB\R2012a\bin\win64\icuuc44.dll
0x0000000073280000 - 0x0000000073293000 	C:\Program Files\MATLAB\R2012a\bin\win64\icuio44.dll
0x0000000180000000 - 0x0000000180046000 	C:\Program Files\MATLAB\R2012a\bin\win64\tbb.dll
0x00007ffdceda0000 - 0x00007ffdceda7000 	C:\Windows\system32\PSAPI.DLL
0x00007ffdc9170000 - 0x00007ffdc92f9000 	C:\Windows\SYSTEM32\dbghelp.dll
0x00007ffdd0a60000 - 0x00007ffdd0b0a000 	C:\Windows\system32\ADVAPI32.dll
0x00007ffdd07a0000 - 0x00007ffdd0917000 	C:\Windows\system32\USER32.dll
0x0000000004850000 - 0x000000000485b000 	C:\Program Files\MATLAB\R2012a\bin\win64\libmwresource_core.dll
0x0000000004990000 - 0x0000000004c86000 	C:\Program Files\MATLAB\R2012a\bin\win64\libmwMATLAB_res.dll
0x000000007a3b0000 - 0x000000007a3c0000 	C:\Program Files\MATLAB\R2012a\bin\win64\boost_date_time-vc90-mt-1_44.dll
0x000000007a170000 - 0x000000007a19c000 	C:\Program Files\MATLAB\R2012a\bin\win64\boost_filesystem-vc90-mt-1_44.dll
0x000000007a250000 - 0x000000007a263000 	C:\Program Files\MATLAB\R2012a\bin\win64\boost_signals-vc90-mt-1_44.dll
0x00007ffdd0a40000 - 0x00007ffdd0a56000 	C:\Windows\system32\imagehlp.dll
0x0000000075a20000 - 0x0000000075ae2000 	C:\Program Files\MATLAB\R2012a\bin\win64\libmx.dll
0x0000000004c90000 - 0x0000000004cb1000 	C:\Program Files\MATLAB\R2012a\bin\win64\libmwmfl_scalar.dll
0x0000000075f10000 - 0x0000000075f5d000 	C:\Program Files\MATLAB\R2012a\bin\win64\mpath.dll
0x000000007b680000 - 0x000000007bbe1000 	C:\Program Files\MATLAB\R2012a\bin\win64\mlutil.dll
0x0000000004870000 - 0x000000000488a000 	C:\Program Files\MATLAB\R2012a\bin\win64\libmwMATLAB_settings_res.dll
0x0000000004cc0000 - 0x0000000004d07000 	C:\Program Files\MATLAB\R2012a\bin\win64\boost_serialization-vc90-mt-1_44.dll
0x00007ffdb7cc0000 - 0x00007ffdb7d64000 	C:\Windows\WinSxS\amd64_microsoft.windows.common-controls_6595b64144ccf1df_5.82.9600.17810_none_34ae2abd958aedeb\COMCTL32.dll
0x00007ffdd0980000 - 0x00007ffdd0a36000 	C:\Windows\system32\COMDLG32.dll
0x00007ffdc90f0000 - 0x00007ffdc9106000 	C:\Windows\SYSTEM32\NETAPI32.dll
0x00007ffdd0fe0000 - 0x00007ffdd103a000 	C:\Windows\system32\WS2_32.dll
0x00007ffdcedb0000 - 0x00007ffdd02d8000 	C:\Windows\system32\SHELL32.dll
0x00007ffdd05a0000 - 0x00007ffdd0734000 	C:\Windows\system32\ole32.dll
0x00007ffdcecd0000 - 0x00007ffdced96000 	C:\Windows\system32\OLEAUT32.dll
0x0000000075000000 - 0x000000007536b000 	C:\Program Files\MATLAB\R2012a\bin\win64\iqm.dll
0x0000000079fb0000 - 0x0000000079fe7000 	C:\Program Files\MATLAB\R2012a\bin\win64\libmwbridge.dll
0x0000000073250000 - 0x0000000073275000 	C:\Program Files\MATLAB\R2012a\bin\win64\libmex.dll
0x0000000073100000 - 0x00000000731b3000 	C:\Program Files\MATLAB\R2012a\bin\win64\m_dispatcher.dll
0x0000000072e80000 - 0x00000000730f9000 	C:\Program Files\MATLAB\R2012a\bin\win64\mcos.dll
0x0000000072d20000 - 0x0000000072e72000 	C:\Program Files\MATLAB\R2012a\bin\win64\libmwgui.dll
0x0000000072370000 - 0x0000000072d13000 	C:\Program Files\MATLAB\R2012a\bin\win64\hg.dll
0x0000000072270000 - 0x000000007236d000 	C:\Program Files\MATLAB\R2012a\bin\win64\hgutils.dll
0x0000000071a40000 - 0x0000000072261000 	C:\Program Files\MATLAB\R2012a\bin\win64\m_interpreter.dll
0x0000000075710000 - 0x00000000757c1000 	C:\Program Files\MATLAB\R2012a\bin\win64\jmi.dll
0x0000000071980000 - 0x0000000071a3d000 	C:\Program Files\MATLAB\R2012a\bin\win64\udd_mi.dll
0x0000000004d20000 - 0x0000000004fea000 	C:\Program Files\MATLAB\R2012a\bin\win64\uiw.dll
0x0000000073230000 - 0x0000000073250000 	C:\Program Files\MATLAB\R2012a\bin\win64\mwoles05.DLL
0x0000000071900000 - 0x000000007197c000 	C:\Program Files\MATLAB\R2012a\bin\win64\comcli.dll
0x0000000074150000 - 0x000000007415c000 	C:\Program Files\MATLAB\R2012a\bin\win64\mlautoregister.dll
0x0000000004ff0000 - 0x0000000005000000 	C:\Program Files\MATLAB\R2012a\bin\win64\boost_iostreams-vc90-mt-1_44.dll
0x00007ffdd0c70000 - 0x00007ffdd0dbf000 	C:\Windows\system32\GDI32.dll
0x000000007a010000 - 0x000000007a035000 	C:\Program Files\MATLAB\R2012a\bin\win64\LIBEXPAT.dll
0x0000000071700000 - 0x00000000718f1000 	C:\Program Files\MATLAB\R2012a\bin\win64\icuin44.dll
0x0000000010000000 - 0x0000000010e41000 	C:\Program Files\MATLAB\R2012a\bin\win64\icudt44.dll
0x00007ffdd1180000 - 0x00007ffdd122a000 	C:\Windows\system32\msvcrt.dll
0x00007ffdd0320000 - 0x00007ffdd0379000 	C:\Windows\SYSTEM32\sechost.dll
0x00007ffdd1040000 - 0x00007ffdd1180000 	C:\Windows\system32\RPCRT4.dll
0x000000007a210000 - 0x000000007a228000 	C:\Program Files\MATLAB\R2012a\bin\win64\zlib1.dll
0x0000000071680000 - 0x00000000716ff000 	C:\Program Files\MATLAB\R2012a\bin\win64\xmlcore.dll
0x000000007bc30000 - 0x000000007be83000 	C:\Program Files\MATLAB\R2012a\bin\win64\xerces-c_2_7.dll
0x00007ffdd0920000 - 0x00007ffdd0974000 	C:\Windows\system32\SHLWAPI.dll
0x00007ffdccf10000 - 0x00007ffdccf1c000 	C:\Windows\SYSTEM32\netutils.dll
0x00007ffdce310000 - 0x00007ffdce336000 	C:\Windows\SYSTEM32\srvcli.dll
0x00007ffdcc090000 - 0x00007ffdcc0a7000 	C:\Windows\SYSTEM32\wkscli.dll
0x00007ffdd1230000 - 0x00007ffdd1239000 	C:\Windows\system32\NSI.dll
0x00007ffdd0380000 - 0x00007ffdd0591000 	C:\Windows\SYSTEM32\combase.dll
0x00000000715b0000 - 0x0000000071678000 	C:\Program Files\MATLAB\R2012a\bin\win64\udd.dll
0x0000000074880000 - 0x000000007496d000 	C:\Program Files\MATLAB\R2012a\bin\win64\boost_regex-vc90-mt-1_44.dll
0x0000000073210000 - 0x0000000073227000 	C:\Program Files\MATLAB\R2012a\bin\win64\graphics_util.dll
0x0000000076100000 - 0x0000000076167000 	C:\Program Files\MATLAB\R2012a\bin\win64\libmat.dll
0x0000000071560000 - 0x00000000715a2000 	C:\Program Files\MATLAB\R2012a\bin\win64\libmwhardcopy.dll
0x0000000071500000 - 0x000000007155a000 	C:\Program Files\MATLAB\R2012a\bin\win64\libuij.dll
0x00000000712f0000 - 0x00000000714fc000 	C:\Program Files\MATLAB\R2012a\bin\win64\hgdatatypes.dll
0x0000000071260000 - 0x00000000712e6000 	C:\Program Files\MATLAB\R2012a\bin\win64\libmwlapack.dll
0x0000000005180000 - 0x00000000051bb000 	C:\Program Files\MATLAB\R2012a\bin\win64\libmwgbtutils.dll
0x00000000051c0000 - 0x00000000051d9000 	C:\Program Files\MATLAB\R2012a\bin\win64\libmwgbt.dll
0x0000000070d70000 - 0x0000000071254000 	C:\Windows\WinSxS\amd64_microsoft.vc90.mfc_1fc8b3b9a1e18e3b_9.0.30729.6161_none_044aad0bab1eb146\mfc90.dll
0x00007ffdb73a0000 - 0x00007ffdb7422000 	C:\Windows\SYSTEM32\WINSPOOL.DRV
0x0000000070ce0000 - 0x0000000070d64000 	C:\Program Files\MATLAB\R2012a\bin\win64\profiler.dll
0x0000000005200000 - 0x0000000005455000 	C:\Program Files\MATLAB\R2012a\bin\win64\libmwmathutil.dll
0x0000000079f40000 - 0x0000000079f6d000 	C:\Program Files\MATLAB\R2012a\bin\win64\libmwmathrng.dll
0x0000000070cb0000 - 0x0000000070cd1000 	C:\Program Files\MATLAB\R2012a\bin\win64\m_pcodeio.dll
0x0000000079b10000 - 0x0000000079b77000 	C:\Program Files\MATLAB\R2012a\bin\win64\m_ir.dll
0x0000000070660000 - 0x0000000070cb0000 	C:\Program Files\MATLAB\R2012a\bin\win64\m_parser.dll
0x0000000070620000 - 0x0000000070651000 	C:\Program Files\MATLAB\R2012a\bin\win64\m_pcodegen.dll
0x0000000005460000 - 0x00000000054cb000 	C:\Program Files\MATLAB\R2012a\bin\win64\libmwspmatrix.dll
0x00000000054e0000 - 0x00000000054ee000 	C:\Program Files\MATLAB\R2012a\bin\win64\nativejava_services.dll
0x0000000073200000 - 0x000000007320f000 	C:\Program Files\MATLAB\R2012a\bin\win64\uinone.dll
0x00007ffdbceb0000 - 0x00007ffdbcece000 	C:\Windows\SYSTEM32\MPR.dll
0x00000000705f0000 - 0x000000007061f000 	C:\Windows\WinSxS\amd64_microsoft.vc90.atl_1fc8b3b9a1e18e3b_9.0.30729.6161_none_0a1fd3a3a768b895\ATL90.DLL
0x00007ffdce830000 - 0x00007ffdce85e000 	C:\Windows\system32\SspiCli.dll
0x00000000055e0000 - 0x00000000057f4000 	C:\Program Files\MATLAB\R2012a\bin\win64\hdf5dll.dll
0x00000000705d0000 - 0x00000000705e2000 	C:\Program Files\MATLAB\R2012a\bin\win64\libmwbinder.dll
0x00000000705c0000 - 0x00000000705cb000 	C:\Program Files\MATLAB\R2012a\bin\win64\libmwompwrapper.dll
0x00007ffdcb610000 - 0x00007ffdcb617000 	C:\Windows\SYSTEM32\MSIMG32.dll
0x0000000074c10000 - 0x0000000074ced000 	C:\Program Files\MATLAB\R2012a\bin\win64\libmwmathcore.dll
0x00000000705a0000 - 0x00000000705ba000 	C:\Program Files\MATLAB\R2012a\bin\win64\ir_xfmr.dll
0x0000000070590000 - 0x000000007059c000 	C:\Program Files\MATLAB\R2012a\bin\win64\mtok.dll
0x00007ffdcc530000 - 0x00007ffdcc5e2000 	C:\Windows\SYSTEM32\SHCORE.DLL
0x0000000075ea0000 - 0x0000000075f02000 	C:\Program Files\MATLAB\R2012a\bin\win64\libmwcholmod.dll
0x000000007a460000 - 0x000000007a46d000 	C:\Program Files\MATLAB\R2012a\bin\win64\libmwamd.dll
0x000000007a4b0000 - 0x000000007a4bc000 	C:\Program Files\MATLAB\R2012a\bin\win64\libmwcolamd.dll
0x0000000070570000 - 0x0000000070589000 	C:\Program Files\MATLAB\R2012a\bin\win64\libmwblas.dll
0x00007ffdd02e0000 - 0x00007ffdd0316000 	C:\Windows\system32\IMM32.DLL
0x00007ffdd0dc0000 - 0x00007ffdd0f12000 	C:\Windows\system32\MSCTF.dll
0x00007ffdcc8f0000 - 0x00007ffdcca19000 	C:\Windows\system32\UxTheme.dll
0x00007ffdcc330000 - 0x00007ffdcc351000 	C:\Windows\system32\dwmapi.dll
0x0000000070560000 - 0x0000000070569000 	C:\Windows\WinSxS\amd64_microsoft.vc90.mfcloc_1fc8b3b9a1e18e3b_9.0.30729.6161_none_01c9581e60cbee58\MFC90CHS.DLL
0x0000000005ae0000 - 0x0000000005b09000 	C:\Program Files\MATLAB\R2012a\bin\win64\tbbmalloc.dll
0x0000000078870000 - 0x0000000078ecd000 	C:\Program Files\MATLAB\R2012a\sys\java\jre\win64\jre\bin\server\jvm.dll
0x00007ffdc0890000 - 0x00007ffdc08b2000 	C:\Windows\SYSTEM32\WINMM.dll
0x00007ffdb7d90000 - 0x00007ffdb7dba000 	C:\Windows\SYSTEM32\WINMMBASE.dll
0x00007ffdceaf0000 - 0x00007ffdceb3f000 	C:\Windows\SYSTEM32\cfgmgr32.dll
0x00007ffdcca70000 - 0x00007ffdcca98000 	C:\Windows\SYSTEM32\DEVOBJ.dll
0x00007ffdce700000 - 0x00007ffdce715000 	C:\Windows\SYSTEM32\profapi.dll
0x00007ffdcd5d0000 - 0x00007ffdcd5fa000 	C:\Windows\SYSTEM32\iphlpapi.dll
0x00007ffdcd1c0000 - 0x00007ffdcd1ca000 	C:\Windows\SYSTEM32\WINNSI.DLL
0x00007ffdcdcf0000 - 0x00007ffdcdd94000 	C:\Windows\SYSTEM32\DNSAPI.dll
0x00007ffdc8700000 - 0x00007ffdc8716000 	C:\Windows\SYSTEM32\dhcpcsvc6.DLL
0x00007ffdc8670000 - 0x00007ffdc868a000 	C:\Windows\SYSTEM32\dhcpcsvc.DLL
0x00007ffdc7f90000 - 0x00007ffdc7f93000 	C:\Windows\SYSTEM32\icmp.Dll
0x00007ffdcc8b0000 - 0x00007ffdcc8bb000 	C:\Windows\SYSTEM32\kernel.appcore.dll
0x00007ffdce5d0000 - 0x00007ffdce5db000 	C:\Windows\SYSTEM32\CRYPTBASE.dll

VM Arguments:
jvm_args: -Xss512k -XX:PermSize=32m -Xms64m -XX:NewRatio=3 -XX:MaxPermSize=128m -Xmx196m -XX:MaxDirectMemorySize=2147400000 -Dsun.java2d.noddraw=true -Dsun.awt.nopixfmt=true -Xshare:off -Xrs -Dsun.awt.disableMixing=true -Djava.library.path=C:\Program Files\MATLAB\R2012a\bin\win64 vfprintf abort -Duser.language=en -Duser.country=US 
java_command: <unknown>
Launcher Type: generic

Environment Variables:
PATH=C:\Qt\Qt5.4.1\5.4\msvc2013_64\bin;C:\Python27\;C:\Python27\Scripts;C:\ProgramData\Oracle\Java\javapath;C:\Program Files (x86)\Intel\iCLS Client\;C:\Program Files\Intel\iCLS Client\;C:\Windows\system32;C:\Windows;C:\Windows\System32\Wbem;C:\Windows\System32\WindowsPowerShell\v1.0\;C:\Program Files\Intel\Intel(R) Management Engine Components\DAL;C:\Program Files (x86)\Intel\Intel(R) Management Engine Components\DAL;C:\Program Files\Intel\Intel(R) Management Engine Components\IPT;C:\Program Files (x86)\Intel\Intel(R) Management Engine Components\IPT;C:\Program Files\MATLAB\R2015a\runtime\win64;C:\Program Files\MATLAB\R2015a\bin;C:\Program Files\MATLAB\R2012a\runtime\win64;C:\Program Files\MATLAB\R2012a\bin;C:\Program Files\Java\jdk1.8.0_31\bin;C:\Program Files (x86)\Windows Kits\8.1\Windows Performance Toolkit\;C:\Program Files (x86)\CMake\bin;C:\Program Files (x86)\Microsoft SDKs\TypeScript\1.0\;C:\Program Files\Microsoft SQL Server\120\Tools\Binn\;C:\Windows\system32\config\systemprofile\.dnx\bin;C:\Program Files\Microsoft DNX\Dnvm\;C:\Program Files (x86)\Microsoft Visual Studio 14.0\VC\bin;C:\Program Files (x86)\Microsoft Visual Studio 14.0\Common7\IDE;C:\Program Files (x86)\Microsoft Visual Studio 14.0\Common7\Tools
USERNAME=lzhq28
OS=Windows_NT
PROCESSOR_IDENTIFIER=Intel64 Family 6 Model 45 Stepping 7, GenuineIntel



---------------  S Y S T E M  ---------------

OS: Windows NT 6.2 Build 9200 

CPU:total 16 (16 cores per cpu, 2 threads per core) family 6 model 45 stepping 7, cmov, cx8, fxsr, mmx, sse, sse2, sse3, ssse3, sse4.1, sse4.2, ht

Memory: 4k page, physical 33503852k(23927592k free), swap 38484588k(28080368k free)

vm_info: Java HotSpot(TM) 64-Bit Server VM (14.3-b01) for windows-amd64 JRE (1.6.0_17-b04), built on Oct 11 2009 00:46:08 by "java_re" with MS VC++ 8.0

time: Sun Nov 20 15:20:42 2016
elapsed time: 1536 seconds

